<?xml version="1.0" encoding="UTF-8"?>
<testng-results ignored="0" total="2" passed="2" failed="0" skipped="0">
  <reporter-output>
  </reporter-output>
  <suite started-at="2023-03-20T16:01:58 CET" name="Suite" finished-at="2023-03-20T16:02:20 CET" duration-ms="22267">
    <groups>
    </groups>
    <test started-at="2023-03-20T16:01:58 CET" name="Test" finished-at="2023-03-20T16:02:20 CET" duration-ms="22267">
      <class name="sukhadaSF.tests.SubmitOrder">
        <test-method is-config="true" signature="launchApplication()[pri:0, instance:sukhadaSF.tests.SubmitOrder@19e4653c]" started-at="2023-03-20T16:01:59 CET" name="launchApplication" finished-at="2023-03-20T16:02:11 CET" duration-ms="12347" status="PASS">
          <reporter-output>
          </reporter-output>
        </test-method> <!-- launchApplication -->
        <test-method signature="submitOrder(java.util.HashMap)[pri:0, instance:sukhadaSF.tests.SubmitOrder@19e4653c]" started-at="2023-03-20T16:02:11 CET" name="submitOrder" data-provider="getData" finished-at="2023-03-20T16:02:12 CET" duration-ms="692" status="PASS">
          <params>
            <param index="0">
              <value>
                <![CDATA[{password=Iamking@000, product=ZARA COAT 3, email=anshika@gmail.com}]]>
              </value>
            </param>
          </params>
          <reporter-output>
          </reporter-output>
        </test-method> <!-- submitOrder -->
        <test-method is-config="true" signature="launchApplication()[pri:0, instance:sukhadaSF.tests.SubmitOrder@19e4653c]" started-at="2023-03-20T16:02:12 CET" name="launchApplication" finished-at="2023-03-20T16:02:20 CET" duration-ms="8453" status="PASS">
          <reporter-output>
          </reporter-output>
        </test-method> <!-- launchApplication -->
        <test-method signature="submitOrder(java.util.HashMap)[pri:0, instance:sukhadaSF.tests.SubmitOrder@19e4653c]" started-at="2023-03-20T16:02:20 CET" name="submitOrder" data-provider="getData" finished-at="2023-03-20T16:02:20 CET" duration-ms="373" status="PASS">
          <params>
            <param index="0">
              <value>
                <![CDATA[{password=Iamking@000, product=ADIDAS ORIGINAL, email=shetty@gmail.com}]]>
              </value>
            </param>
          </params>
          <reporter-output>
          </reporter-output>
        </test-method> <!-- submitOrder -->
      </class> <!-- sukhadaSF.tests.SubmitOrder -->
    </test> <!-- Test -->
  </suite> <!-- Suite -->
</testng-results>
