<?xml version="1.0" encoding="UTF-8"?>
<testsuite xmlns:xsi="http://www.w3.org/2001/XMLSchema-instance" xsi:noNamespaceSchemaLocation="https://maven.apache.org/surefire/maven-surefire-plugin/xsd/surefire-test-report-3.0.xsd" version="3.0" name="TestSuite" time="23.324" tests="2" errors="0" skipped="0" failures="0">
  <properties>
[...]
</properties>
  <testcase name="submitOrder[{password=Iamking@000, product=ZARA COAT 3, email=anshika@gmail.com}](1)" classname="sukhadaSF.tests.SubmitOrder" time="0.708">
    <system-err><![CDATA[SLF4J: No SLF4J providers were found.
SLF4J: Defaulting to no-operation (NOP) logger implementation
SLF4J: See https://www.slf4j.org/codes.html#noProviders for further details.
1679324520413	geckodriver	INFO	Listening on 127.0.0.1:28038
1679324521309	mozrunner::runner	INFO	Running command: "C:\\Program Files\\Mozilla Firefox\\firefox.exe" "--marionette" "--remote-debugging-port" "21252" "--remote ... alhost:21252/,http://[::1]:21252/" "-no-remote" "-profile" "C:\\Users\\PRASHA~1\\AppData\\Local\\Temp\\rust_mozprofile7Vf6ym"
console.warn: services.settings: Ignoring preference override of remote settings server
console.warn: services.settings: Allow by setting MOZ_REMOTE_SETTINGS_DEVTOOLS=1 in the environment
1679324522123	Marionette	INFO	Marionette enabled
Dynamically enable window occlusion 0
1679324522133	Marionette	INFO	Listening on port 59230
Read port: 59230
WebDriver BiDi listening on ws://127.0.0.1:21252
1679324522533	RemoteAgent	WARN	TLS certificate errors will be ignored for this session
console.warn: SearchSettings: "get: No settings file exists, new profile?" (new NotFoundError("Could not open the file at C:\\Users\\PRASHA~1\\AppData\\Local\\Temp\\rust_mozprofile7Vf6ym\\search.json.mozlz4", (void 0)))
DevTools listening on ws://127.0.0.1:21252/devtools/browser/648906bf-bdaf-4558-8ad2-310274b6b05f
console.warn: LoginRecipes: "Falling back to a synchronous message for: https://rahulshettyacademy.com."
console.warn: LoginRecipes: "Falling back to a synchronous message for: https://rahulshettyacademy.com."
]]></system-err>
  </testcase>
  <testcase name="submitOrder[{password=Iamking@000, product=ADIDAS ORIGINAL, email=shetty@gmail.com}](2)" classname="sukhadaSF.tests.SubmitOrder" time="0.374">
    <system-err><![CDATA[1679324532345	geckodriver	INFO	Listening on 127.0.0.1:16836
1679324532405	mozrunner::runner	INFO	Running command: "C:\\Program Files\\Mozilla Firefox\\firefox.exe" "--marionette" "--remote-debugging-port" "5390" "--remote- ... ocalhost:5390/,http://[::1]:5390/" "-no-remote" "-profile" "C:\\Users\\PRASHA~1\\AppData\\Local\\Temp\\rust_mozprofileFAMzH0"
console.warn: services.settings: Ignoring preference override of remote settings server
console.warn: services.settings: Allow by setting MOZ_REMOTE_SETTINGS_DEVTOOLS=1 in the environment
1679324533608	Marionette	INFO	Marionette enabled
Dynamically enable window occlusion 0
1679324533636	Marionette	INFO	Listening on port 59278
Read port: 59278
WebDriver BiDi listening on ws://127.0.0.1:5390
1679324534180	RemoteAgent	WARN	TLS certificate errors will be ignored for this session
console.warn: SearchSettings: "get: No settings file exists, new profile?" (new NotFoundError("Could not open the file at C:\\Users\\PRASHA~1\\AppData\\Local\\Temp\\rust_mozprofileFAMzH0\\search.json.mozlz4", (void 0)))
DevTools listening on ws://127.0.0.1:5390/devtools/browser/59e3e377-3126-47e7-85ca-aa1e11882ca2
console.warn: LoginRecipes: "Falling back to a synchronous message for: https://rahulshettyacademy.com."
]]></system-err>
  </testcase>
</testsuite>